{"total": {"lines":{"total":239,"covered":237,"skipped":0,"pct":99.16},"statements":{"total":284,"covered":278,"skipped":0,"pct":97.88},"functions":{"total":73,"covered":73,"skipped":0,"pct":100},"branches":{"total":181,"covered":171,"skipped":0,"pct":94.47},"branchesTrue":{"total":0,"covered":0,"skipped":0,"pct":100}}
,"/Users/quincypbu/Documents/Fitness Routine/rotation-tracker/src/data/dates.ts": {"lines":{"total":29,"covered":28,"skipped":0,"pct":96.55},"functions":{"total":9,"covered":9,"skipped":0,"pct":100},"statements":{"total":34,"covered":33,"skipped":0,"pct":97.05},"branches":{"total":8,"covered":8,"skipped":0,"pct":100}}
,"/Users/quincypbu/Documents/Fitness Routine/rotation-tracker/src/engine/constraints.ts": {"lines":{"total":62,"covered":61,"skipped":0,"pct":98.38},"functions":{"total":10,"covered":10,"skipped":0,"pct":100},"statements":{"total":74,"covered":69,"skipped":0,"pct":93.24},"branches":{"total":67,"covered":57,"skipped":0,"pct":85.07}}
,"/Users/quincypbu/Documents/Fitness Routine/rotation-tracker/src/engine/ledger.ts": {"lines":{"total":64,"covered":64,"skipped":0,"pct":100},"functions":{"total":29,"covered":29,"skipped":0,"pct":100},"statements":{"total":78,"covered":78,"skipped":0,"pct":100},"branches":{"total":42,"covered":42,"skipped":0,"pct":100}}
,"/Users/quincypbu/Documents/Fitness Routine/rotation-tracker/src/engine/load.ts": {"lines":{"total":37,"covered":37,"skipped":0,"pct":100},"functions":{"total":10,"covered":10,"skipped":0,"pct":100},"statements":{"total":41,"covered":41,"skipped":0,"pct":100},"branches":{"total":29,"covered":29,"skipped":0,"pct":100}}
,"/Users/quincypbu/Documents/Fitness Routine/rotation-tracker/src/engine/rotation.ts": {"lines":{"total":47,"covered":47,"skipped":0,"pct":100},"functions":{"total":15,"covered":15,"skipped":0,"pct":100},"statements":{"total":57,"covered":57,"skipped":0,"pct":100},"branches":{"total":35,"covered":35,"skipped":0,"pct":100}}
}
